[28528:27412:0610/141248.560:INFO:components\enterprise\browser\controller\chrome_browser_cloud_management_controller.cc:202] No machine level policy manager exists.
[28528:27412:0610/141249.181:ERROR:mojo\public\cpp\bindings\lib\interface_endpoint_client.cc:732] Message 0 rejected by interface blink.mojom.WidgetHost
[28528:27412:0610/141249.236:INFO:CONSOLE:18] "BSSO Telemetry: {"result":"Error","error":"NoExtension","type":"ChromeSsoTelemetry","data":{},"traces":["BrowserSSO Initialized","Creating ChromeBrowserCore provider","Sending message for method CreateProviderAsync","Received message for method CreateProviderAsync","Error: ChromeBrowserCore error NoExtension: Extension is not installed."]}", source: https://aadcdn.msftauth.net/shared/1.0/content/js/BssoInterrupt_Core_bazYuVH6rF7OQmuNhACwPg2.js (18)
[28528:27412:0610/141249.499:INFO:CONSOLE:9063] "Download the Vue Devtools extension for a better development experience:
https://github.com/vuejs/vue-devtools", source: https://atacadao.hodiebooking.com.br/js/build/vendor.js (9063)
[28528:27412:0610/141249.499:INFO:CONSOLE:9072] "You are running Vue in development mode.
Make sure to turn on production mode when deploying for production.
See more tips at https://vuejs.org/guide/deployment.html", source: https://atacadao.hodiebooking.com.br/js/build/vendor.js (9072)
[28528:27412:0610/141259.285:WARNING:components\download\internal\background_service\controller_impl.cc:1187] Background download complete, client: 6, completion type: 0, file size:5155
[28528:27412:0610/141259.544:WARNING:components\download\internal\background_service\controller_impl.cc:1187] Background download complete, client: 6, completion type: 0, file size:265059
[28528:27412:0610/141259.785:WARNING:components\download\internal\background_service\controller_impl.cc:1187] Background download complete, client: 6, completion type: 0, file size:883094
[28528:27412:0610/141259.974:INFO:CONSOLE:9063] "Download the Vue Devtools extension for a better development experience:
https://github.com/vuejs/vue-devtools", source: https://atacadao.hodiebooking.com.br/js/build/vendor.js (9063)
[28528:27412:0610/141259.974:INFO:CONSOLE:9072] "You are running Vue in development mode.
Make sure to turn on production mode when deploying for production.
See more tips at https://vuejs.org/guide/deployment.html", source: https://atacadao.hodiebooking.com.br/js/build/vendor.js (9072)
[28528:27412:0610/141300.015:WARNING:content\browser\download\download_manager_impl.cc:702] A download with the same GUID already exists, the new request is ignored.
[28528:27412:0610/141300.340:WARNING:components\download\internal\background_service\controller_impl.cc:1187] Background download complete, client: 6, completion type: 0, file size:2200227
[28528:27412:0610/141300.675:WARNING:components\download\internal\background_service\controller_impl.cc:1187] Background download complete, client: 6, completion type: 0, file size:45153
[28528:27412:0610/141301.012:WARNING:components\download\internal\background_service\controller_impl.cc:1187] Background download complete, client: 6, completion type: 0, file size:4680
[28528:27412:0610/141301.138:WARNING:components\download\internal\background_service\controller_impl.cc:1187] Background download complete, client: 6, completion type: 0, file size:2747169
[28528:27412:0610/141301.545:WARNING:components\download\internal\background_service\controller_impl.cc:1187] Background download complete, client: 6, completion type: 0, file size:118577
[28528:27412:0610/141312.886:INFO:CONSOLE:9063] "Download the Vue Devtools extension for a better development experience:
https://github.com/vuejs/vue-devtools", source: https://atacadao.hodiebooking.com.br/js/build/vendor.js (9063)
[28528:27412:0610/141312.886:INFO:CONSOLE:9072] "You are running Vue in development mode.
Make sure to turn on production mode when deploying for production.
See more tips at https://vuejs.org/guide/deployment.html", source: https://atacadao.hodiebooking.com.br/js/build/vendor.js (9072)
[28528:27412:0610/141321.737:INFO:CONSOLE:9063] "Download the Vue Devtools extension for a better development experience:
https://github.com/vuejs/vue-devtools", source: https://atacadao.hodiebooking.com.br/js/build/vendor.js (9063)
[28528:27412:0610/141321.738:INFO:CONSOLE:9072] "You are running Vue in development mode.
Make sure to turn on production mode when deploying for production.
See more tips at https://vuejs.org/guide/deployment.html", source: https://atacadao.hodiebooking.com.br/js/build/vendor.js (9072)
[28528:27412:0610/141321.764:INFO:CONSOLE:2896] "onEnd undefined", source: https://atacadao.hodiebooking.com.br/cargas/7533778 (2896)
[28528:27412:0610/141414.993:INFO:CONSOLE:9063] "Download the Vue Devtools extension for a better development experience:
https://github.com/vuejs/vue-devtools", source: https://atacadao.hodiebooking.com.br/js/build/vendor.js (9063)
[28528:27412:0610/141414.993:INFO:CONSOLE:9072] "You are running Vue in development mode.
Make sure to turn on production mode when deploying for production.
See more tips at https://vuejs.org/guide/deployment.html", source: https://atacadao.hodiebooking.com.br/js/build/vendor.js (9072)
[28528:27412:0610/141423.744:INFO:CONSOLE:9063] "Download the Vue Devtools extension for a better development experience:
https://github.com/vuejs/vue-devtools", source: https://atacadao.hodiebooking.com.br/js/build/vendor.js (9063)
[28528:27412:0610/141423.744:INFO:CONSOLE:9072] "You are running Vue in development mode.
Make sure to turn on production mode when deploying for production.
See more tips at https://vuejs.org/guide/deployment.html", source: https://atacadao.hodiebooking.com.br/js/build/vendor.js (9072)
[28528:27412:0610/141423.765:INFO:CONSOLE:3078] "onEnd undefined", source: https://atacadao.hodiebooking.com.br/cargas/7596557 (3078)
[28528:27412:0610/141426.240:INFO:CONSOLE:174] "created()", source: https://atacadao.hodiebooking.com.br/js/build/agendamentos/ocorrencias/app.js (174)
[28528:27412:0610/141426.240:INFO:CONSOLE:157] "init list()", source: https://atacadao.hodiebooking.com.br/js/build/agendamentos/ocorrencias/app.js (157)
[28528:27412:0610/141426.248:INFO:CONSOLE:182] "mounted()", source: https://atacadao.hodiebooking.com.br/js/build/agendamentos/ocorrencias/app.js (182)
[28528:27412:0610/141426.248:INFO:CONSOLE:183] "1", source: https://atacadao.hodiebooking.com.br/js/build/agendamentos/ocorrencias/app.js (183)
[28528:27412:0610/141426.249:INFO:CONSOLE:9063] "Download the Vue Devtools extension for a better development experience:
https://github.com/vuejs/vue-devtools", source: https://atacadao.hodiebooking.com.br/js/build/vendor.js (9063)
[28528:27412:0610/141426.249:INFO:CONSOLE:9072] "You are running Vue in development mode.
Make sure to turn on production mode when deploying for production.
See more tips at https://vuejs.org/guide/deployment.html", source: https://atacadao.hodiebooking.com.br/js/build/vendor.js (9072)
[28528:27412:0610/141453.474:INFO:CONSOLE:9063] "Download the Vue Devtools extension for a better development experience:
https://github.com/vuejs/vue-devtools", source: https://atacadao.hodiebooking.com.br/js/build/vendor.js (9063)
[28528:27412:0610/141453.474:INFO:CONSOLE:9072] "You are running Vue in development mode.
Make sure to turn on production mode when deploying for production.
See more tips at https://vuejs.org/guide/deployment.html", source: https://atacadao.hodiebooking.com.br/js/build/vendor.js (9072)
[28528:27412:0610/141502.203:INFO:CONSOLE:9063] "Download the Vue Devtools extension for a better development experience:
https://github.com/vuejs/vue-devtools", source: https://atacadao.hodiebooking.com.br/js/build/vendor.js (9063)
[28528:27412:0610/141502.203:INFO:CONSOLE:9072] "You are running Vue in development mode.
Make sure to turn on production mode when deploying for production.
See more tips at https://vuejs.org/guide/deployment.html", source: https://atacadao.hodiebooking.com.br/js/build/vendor.js (9072)
[28528:27412:0610/141502.239:INFO:CONSOLE:3200] "onEnd undefined", source: https://atacadao.hodiebooking.com.br/cargas/7613701 (3200)
[28528:27412:0610/141504.818:INFO:CONSOLE:174] "created()", source: https://atacadao.hodiebooking.com.br/js/build/agendamentos/ocorrencias/app.js (174)
[28528:27412:0610/141504.818:INFO:CONSOLE:157] "init list()", source: https://atacadao.hodiebooking.com.br/js/build/agendamentos/ocorrencias/app.js (157)
[28528:27412:0610/141504.824:INFO:CONSOLE:182] "mounted()", source: https://atacadao.hodiebooking.com.br/js/build/agendamentos/ocorrencias/app.js (182)
[28528:27412:0610/141504.825:INFO:CONSOLE:183] "1", source: https://atacadao.hodiebooking.com.br/js/build/agendamentos/ocorrencias/app.js (183)
[28528:27412:0610/141504.826:INFO:CONSOLE:9063] "Download the Vue Devtools extension for a better development experience:
https://github.com/vuejs/vue-devtools", source: https://atacadao.hodiebooking.com.br/js/build/vendor.js (9063)
[28528:27412:0610/141504.826:INFO:CONSOLE:9072] "You are running Vue in development mode.
Make sure to turn on production mode when deploying for production.
See more tips at https://vuejs.org/guide/deployment.html", source: https://atacadao.hodiebooking.com.br/js/build/vendor.js (9072)
[28528:27412:0610/141536.604:INFO:CONSOLE:9063] "Download the Vue Devtools extension for a better development experience:
https://github.com/vuejs/vue-devtools", source: https://atacadao.hodiebooking.com.br/js/build/vendor.js (9063)
[28528:27412:0610/141536.604:INFO:CONSOLE:9072] "You are running Vue in development mode.
Make sure to turn on production mode when deploying for production.
See more tips at https://vuejs.org/guide/deployment.html", source: https://atacadao.hodiebooking.com.br/js/build/vendor.js (9072)
[28528:27412:0610/141545.513:INFO:CONSOLE:9063] "Download the Vue Devtools extension for a better development experience:
https://github.com/vuejs/vue-devtools", source: https://atacadao.hodiebooking.com.br/js/build/vendor.js (9063)
[28528:27412:0610/141545.513:INFO:CONSOLE:9072] "You are running Vue in development mode.
Make sure to turn on production mode when deploying for production.
See more tips at https://vuejs.org/guide/deployment.html", source: https://atacadao.hodiebooking.com.br/js/build/vendor.js (9072)
[28528:27412:0610/141545.533:INFO:CONSOLE:2973] "onEnd undefined", source: https://atacadao.hodiebooking.com.br/cargas/9467476 (2973)
[28528:27412:0610/141548.171:INFO:CONSOLE:9063] "Download the Vue Devtools extension for a better development experience:
https://github.com/vuejs/vue-devtools", source: https://atacadao.hodiebooking.com.br/js/build/vendor.js (9063)
[28528:27412:0610/141548.171:INFO:CONSOLE:9072] "You are running Vue in development mode.
Make sure to turn on production mode when deploying for production.
See more tips at https://vuejs.org/guide/deployment.html", source: https://atacadao.hodiebooking.com.br/js/build/vendor.js (9072)
[28528:27412:0610/141548.174:INFO:CONSOLE:174] "created()", source: https://atacadao.hodiebooking.com.br/js/build/agendamentos/ocorrencias/app.js (174)
[28528:27412:0610/141548.174:INFO:CONSOLE:157] "init list()", source: https://atacadao.hodiebooking.com.br/js/build/agendamentos/ocorrencias/app.js (157)
[28528:27412:0610/141548.182:INFO:CONSOLE:182] "mounted()", source: https://atacadao.hodiebooking.com.br/js/build/agendamentos/ocorrencias/app.js (182)
[28528:27412:0610/141548.182:INFO:CONSOLE:183] "1", source: https://atacadao.hodiebooking.com.br/js/build/agendamentos/ocorrencias/app.js (183)
[28528:27412:0610/141548.231:INFO:CONSOLE:648] "[Vue warn]: Error in render: "TypeError: Cannot read properties of null (reading 'fila')"

(found in <Root>)", source: https://atacadao.hodiebooking.com.br/js/build/vendor.js (648)
[28528:27412:0610/141548.231:INFO:CONSOLE:1911] "TypeError: Cannot read properties of null (reading 'fila')", source: https://atacadao.hodiebooking.com.br/js/build/vendor.js (1911)
[28528:27412:0610/141618.247:INFO:CONSOLE:9063] "Download the Vue Devtools extension for a better development experience:
https://github.com/vuejs/vue-devtools", source: https://atacadao.hodiebooking.com.br/js/build/vendor.js (9063)
[28528:27412:0610/141618.247:INFO:CONSOLE:9072] "You are running Vue in development mode.
Make sure to turn on production mode when deploying for production.
See more tips at https://vuejs.org/guide/deployment.html", source: https://atacadao.hodiebooking.com.br/js/build/vendor.js (9072)
[28528:27412:0610/141626.877:INFO:CONSOLE:9063] "Download the Vue Devtools extension for a better development experience:
https://github.com/vuejs/vue-devtools", source: https://atacadao.hodiebooking.com.br/js/build/vendor.js (9063)
[28528:27412:0610/141626.877:INFO:CONSOLE:9072] "You are running Vue in development mode.
Make sure to turn on production mode when deploying for production.
See more tips at https://vuejs.org/guide/deployment.html", source: https://atacadao.hodiebooking.com.br/js/build/vendor.js (9072)
[28528:27412:0610/141626.899:INFO:CONSOLE:3078] "onEnd undefined", source: https://atacadao.hodiebooking.com.br/cargas/9467347 (3078)
[28528:27412:0610/141629.408:INFO:CONSOLE:174] "created()", source: https://atacadao.hodiebooking.com.br/js/build/agendamentos/ocorrencias/app.js (174)
[28528:27412:0610/141629.408:INFO:CONSOLE:157] "init list()", source: https://atacadao.hodiebooking.com.br/js/build/agendamentos/ocorrencias/app.js (157)
[28528:27412:0610/141629.416:INFO:CONSOLE:182] "mounted()", source: https://atacadao.hodiebooking.com.br/js/build/agendamentos/ocorrencias/app.js (182)
[28528:27412:0610/141629.416:INFO:CONSOLE:183] "1", source: https://atacadao.hodiebooking.com.br/js/build/agendamentos/ocorrencias/app.js (183)
[28528:27412:0610/141629.417:INFO:CONSOLE:9063] "Download the Vue Devtools extension for a better development experience:
https://github.com/vuejs/vue-devtools", source: https://atacadao.hodiebooking.com.br/js/build/vendor.js (9063)
[28528:27412:0610/141629.417:INFO:CONSOLE:9072] "You are running Vue in development mode.
Make sure to turn on production mode when deploying for production.
See more tips at https://vuejs.org/guide/deployment.html", source: https://atacadao.hodiebooking.com.br/js/build/vendor.js (9072)
[28528:27412:0610/141648.894:INFO:CONSOLE:9063] "Download the Vue Devtools extension for a better development experience:
https://github.com/vuejs/vue-devtools", source: https://atacadao.hodiebooking.com.br/js/build/vendor.js (9063)
[28528:27412:0610/141648.894:INFO:CONSOLE:9072] "You are running Vue in development mode.
Make sure to turn on production mode when deploying for production.
See more tips at https://vuejs.org/guide/deployment.html", source: https://atacadao.hodiebooking.com.br/js/build/vendor.js (9072)
[28528:27412:0610/141657.488:INFO:CONSOLE:9063] "Download the Vue Devtools extension for a better development experience:
https://github.com/vuejs/vue-devtools", source: https://atacadao.hodiebooking.com.br/js/build/vendor.js (9063)
[28528:27412:0610/141657.488:INFO:CONSOLE:9072] "You are running Vue in development mode.
Make sure to turn on production mode when deploying for production.
See more tips at https://vuejs.org/guide/deployment.html", source: https://atacadao.hodiebooking.com.br/js/build/vendor.js (9072)
[28528:27412:0610/141657.508:INFO:CONSOLE:2896] "onEnd undefined", source: https://atacadao.hodiebooking.com.br/cargas/9468695 (2896)
[28528:27412:0610/141737.334:INFO:CONSOLE:9063] "Download the Vue Devtools extension for a better development experience:
https://github.com/vuejs/vue-devtools", source: https://atacadao.hodiebooking.com.br/js/build/vendor.js (9063)
[28528:27412:0610/141737.334:INFO:CONSOLE:9072] "You are running Vue in development mode.
Make sure to turn on production mode when deploying for production.
See more tips at https://vuejs.org/guide/deployment.html", source: https://atacadao.hodiebooking.com.br/js/build/vendor.js (9072)
[28528:27412:0610/141745.950:INFO:CONSOLE:9063] "Download the Vue Devtools extension for a better development experience:
https://github.com/vuejs/vue-devtools", source: https://atacadao.hodiebooking.com.br/js/build/vendor.js (9063)
[28528:27412:0610/141745.950:INFO:CONSOLE:9072] "You are running Vue in development mode.
Make sure to turn on production mode when deploying for production.
See more tips at https://vuejs.org/guide/deployment.html", source: https://atacadao.hodiebooking.com.br/js/build/vendor.js (9072)
[28528:27412:0610/141745.967:INFO:CONSOLE:2973] "onEnd undefined", source: https://atacadao.hodiebooking.com.br/cargas/9469055 (2973)
[28528:27412:0610/141748.465:INFO:CONSOLE:174] "created()", source: https://atacadao.hodiebooking.com.br/js/build/agendamentos/ocorrencias/app.js (174)
[28528:27412:0610/141748.465:INFO:CONSOLE:157] "init list()", source: https://atacadao.hodiebooking.com.br/js/build/agendamentos/ocorrencias/app.js (157)
[28528:27412:0610/141748.471:INFO:CONSOLE:182] "mounted()", source: https://atacadao.hodiebooking.com.br/js/build/agendamentos/ocorrencias/app.js (182)
[28528:27412:0610/141748.471:INFO:CONSOLE:183] "1", source: https://atacadao.hodiebooking.com.br/js/build/agendamentos/ocorrencias/app.js (183)
[28528:27412:0610/141748.472:INFO:CONSOLE:9063] "Download the Vue Devtools extension for a better development experience:
https://github.com/vuejs/vue-devtools", source: https://atacadao.hodiebooking.com.br/js/build/vendor.js (9063)
[28528:27412:0610/141748.472:INFO:CONSOLE:9072] "You are running Vue in development mode.
Make sure to turn on production mode when deploying for production.
See more tips at https://vuejs.org/guide/deployment.html", source: https://atacadao.hodiebooking.com.br/js/build/vendor.js (9072)
[28528:27412:0610/141748.503:INFO:CONSOLE:648] "[Vue warn]: Error in render: "TypeError: Cannot read properties of null (reading 'fila')"

(found in <Root>)", source: https://atacadao.hodiebooking.com.br/js/build/vendor.js (648)
[28528:27412:0610/141748.503:INFO:CONSOLE:1911] "TypeError: Cannot read properties of null (reading 'fila')", source: https://atacadao.hodiebooking.com.br/js/build/vendor.js (1911)
[28528:27412:0610/141806.744:INFO:CONSOLE:9063] "Download the Vue Devtools extension for a better development experience:
https://github.com/vuejs/vue-devtools", source: https://atacadao.hodiebooking.com.br/js/build/vendor.js (9063)
[28528:27412:0610/141806.744:INFO:CONSOLE:9072] "You are running Vue in development mode.
Make sure to turn on production mode when deploying for production.
See more tips at https://vuejs.org/guide/deployment.html", source: https://atacadao.hodiebooking.com.br/js/build/vendor.js (9072)
[28528:27412:0610/141815.398:INFO:CONSOLE:2973] "onEnd undefined", source: https://atacadao.hodiebooking.com.br/cargas/9468221 (2973)
[28528:27412:0610/141815.398:INFO:CONSOLE:9063] "Download the Vue Devtools extension for a better development experience:
https://github.com/vuejs/vue-devtools", source: https://atacadao.hodiebooking.com.br/js/build/vendor.js (9063)
[28528:27412:0610/141815.399:INFO:CONSOLE:9072] "You are running Vue in development mode.
Make sure to turn on production mode when deploying for production.
See more tips at https://vuejs.org/guide/deployment.html", source: https://atacadao.hodiebooking.com.br/js/build/vendor.js (9072)
[28528:27412:0610/141818.021:INFO:CONSOLE:174] "created()", source: https://atacadao.hodiebooking.com.br/js/build/agendamentos/ocorrencias/app.js (174)
[28528:27412:0610/141818.021:INFO:CONSOLE:157] "init list()", source: https://atacadao.hodiebooking.com.br/js/build/agendamentos/ocorrencias/app.js (157)
[28528:27412:0610/141818.027:INFO:CONSOLE:182] "mounted()", source: https://atacadao.hodiebooking.com.br/js/build/agendamentos/ocorrencias/app.js (182)
[28528:27412:0610/141818.027:INFO:CONSOLE:183] "1", source: https://atacadao.hodiebooking.com.br/js/build/agendamentos/ocorrencias/app.js (183)
[28528:27412:0610/141818.027:INFO:CONSOLE:9063] "Download the Vue Devtools extension for a better development experience:
https://github.com/vuejs/vue-devtools", source: https://atacadao.hodiebooking.com.br/js/build/vendor.js (9063)
[28528:27412:0610/141818.027:INFO:CONSOLE:9072] "You are running Vue in development mode.
Make sure to turn on production mode when deploying for production.
See more tips at https://vuejs.org/guide/deployment.html", source: https://atacadao.hodiebooking.com.br/js/build/vendor.js (9072)
[28528:27412:0610/141818.066:INFO:CONSOLE:648] "[Vue warn]: Error in render: "TypeError: Cannot read properties of null (reading 'fila')"

(found in <Root>)", source: https://atacadao.hodiebooking.com.br/js/build/vendor.js (648)
[28528:27412:0610/141818.066:INFO:CONSOLE:1911] "TypeError: Cannot read properties of null (reading 'fila')", source: https://atacadao.hodiebooking.com.br/js/build/vendor.js (1911)
[28528:27412:0610/141836.234:INFO:CONSOLE:9063] "Download the Vue Devtools extension for a better development experience:
https://github.com/vuejs/vue-devtools", source: https://atacadao.hodiebooking.com.br/js/build/vendor.js (9063)
[28528:27412:0610/141836.234:INFO:CONSOLE:9072] "You are running Vue in development mode.
Make sure to turn on production mode when deploying for production.
See more tips at https://vuejs.org/guide/deployment.html", source: https://atacadao.hodiebooking.com.br/js/build/vendor.js (9072)
[28528:27412:0610/141844.814:INFO:CONSOLE:9063] "Download the Vue Devtools extension for a better development experience:
https://github.com/vuejs/vue-devtools", source: https://atacadao.hodiebooking.com.br/js/build/vendor.js (9063)
[28528:27412:0610/141844.814:INFO:CONSOLE:9072] "You are running Vue in development mode.
Make sure to turn on production mode when deploying for production.
See more tips at https://vuejs.org/guide/deployment.html", source: https://atacadao.hodiebooking.com.br/js/build/vendor.js (9072)
[28528:27412:0610/141844.832:INFO:CONSOLE:2981] "onEnd undefined", source: https://atacadao.hodiebooking.com.br/cargas/9467711 (2981)
[28528:27412:0610/141847.326:INFO:CONSOLE:174] "created()", source: https://atacadao.hodiebooking.com.br/js/build/agendamentos/ocorrencias/app.js (174)
[28528:27412:0610/141847.326:INFO:CONSOLE:157] "init list()", source: https://atacadao.hodiebooking.com.br/js/build/agendamentos/ocorrencias/app.js (157)
[28528:27412:0610/141847.336:INFO:CONSOLE:182] "mounted()", source: https://atacadao.hodiebooking.com.br/js/build/agendamentos/ocorrencias/app.js (182)
[28528:27412:0610/141847.336:INFO:CONSOLE:183] "1", source: https://atacadao.hodiebooking.com.br/js/build/agendamentos/ocorrencias/app.js (183)
[28528:27412:0610/141847.337:INFO:CONSOLE:9063] "Download the Vue Devtools extension for a better development experience:
https://github.com/vuejs/vue-devtools", source: https://atacadao.hodiebooking.com.br/js/build/vendor.js (9063)
[28528:27412:0610/141847.337:INFO:CONSOLE:9072] "You are running Vue in development mode.
Make sure to turn on production mode when deploying for production.
See more tips at https://vuejs.org/guide/deployment.html", source: https://atacadao.hodiebooking.com.br/js/build/vendor.js (9072)
[28528:27412:0610/141847.370:INFO:CONSOLE:648] "[Vue warn]: Error in render: "TypeError: Cannot read properties of null (reading 'fila')"

(found in <Root>)", source: https://atacadao.hodiebooking.com.br/js/build/vendor.js (648)
[28528:27412:0610/141847.370:INFO:CONSOLE:1911] "TypeError: Cannot read properties of null (reading 'fila')", source: https://atacadao.hodiebooking.com.br/js/build/vendor.js (1911)
[28528:27412:0610/141904.868:INFO:CONSOLE:9063] "Download the Vue Devtools extension for a better development experience:
https://github.com/vuejs/vue-devtools", source: https://atacadao.hodiebooking.com.br/js/build/vendor.js (9063)
[28528:27412:0610/141904.868:INFO:CONSOLE:9072] "You are running Vue in development mode.
Make sure to turn on production mode when deploying for production.
See more tips at https://vuejs.org/guide/deployment.html", source: https://atacadao.hodiebooking.com.br/js/build/vendor.js (9072)
[28528:27412:0610/141913.457:INFO:CONSOLE:9063] "Download the Vue Devtools extension for a better development experience:
https://github.com/vuejs/vue-devtools", source: https://atacadao.hodiebooking.com.br/js/build/vendor.js (9063)
[28528:27412:0610/141913.457:INFO:CONSOLE:9072] "You are running Vue in development mode.
Make sure to turn on production mode when deploying for production.
See more tips at https://vuejs.org/guide/deployment.html", source: https://atacadao.hodiebooking.com.br/js/build/vendor.js (9072)
[28528:27412:0610/141913.479:INFO:CONSOLE:2973] "onEnd undefined", source: https://atacadao.hodiebooking.com.br/cargas/9467928 (2973)
[28528:27412:0610/141916.009:INFO:CONSOLE:174] "created()", source: https://atacadao.hodiebooking.com.br/js/build/agendamentos/ocorrencias/app.js (174)
[28528:27412:0610/141916.009:INFO:CONSOLE:157] "init list()", source: https://atacadao.hodiebooking.com.br/js/build/agendamentos/ocorrencias/app.js (157)
[28528:27412:0610/141916.014:INFO:CONSOLE:182] "mounted()", source: https://atacadao.hodiebooking.com.br/js/build/agendamentos/ocorrencias/app.js (182)
[28528:27412:0610/141916.015:INFO:CONSOLE:183] "1", source: https://atacadao.hodiebooking.com.br/js/build/agendamentos/ocorrencias/app.js (183)
[28528:27412:0610/141916.015:INFO:CONSOLE:9063] "Download the Vue Devtools extension for a better development experience:
https://github.com/vuejs/vue-devtools", source: https://atacadao.hodiebooking.com.br/js/build/vendor.js (9063)
[28528:27412:0610/141916.015:INFO:CONSOLE:9072] "You are running Vue in development mode.
Make sure to turn on production mode when deploying for production.
See more tips at https://vuejs.org/guide/deployment.html", source: https://atacadao.hodiebooking.com.br/js/build/vendor.js (9072)
[28528:27412:0610/141916.047:INFO:CONSOLE:648] "[Vue warn]: Error in render: "TypeError: Cannot read properties of null (reading 'fila')"

(found in <Root>)", source: https://atacadao.hodiebooking.com.br/js/build/vendor.js (648)
[28528:27412:0610/141916.047:INFO:CONSOLE:1911] "TypeError: Cannot read properties of null (reading 'fila')", source: https://atacadao.hodiebooking.com.br/js/build/vendor.js (1911)
[28528:27412:0610/141933.676:INFO:CONSOLE:9063] "Download the Vue Devtools extension for a better development experience:
https://github.com/vuejs/vue-devtools", source: https://atacadao.hodiebooking.com.br/js/build/vendor.js (9063)
[28528:27412:0610/141933.676:INFO:CONSOLE:9072] "You are running Vue in development mode.
Make sure to turn on production mode when deploying for production.
See more tips at https://vuejs.org/guide/deployment.html", source: https://atacadao.hodiebooking.com.br/js/build/vendor.js (9072)
[28528:27412:0610/141942.383:INFO:CONSOLE:9063] "Download the Vue Devtools extension for a better development experience:
https://github.com/vuejs/vue-devtools", source: https://atacadao.hodiebooking.com.br/js/build/vendor.js (9063)
[28528:27412:0610/141942.383:INFO:CONSOLE:9072] "You are running Vue in development mode.
Make sure to turn on production mode when deploying for production.
See more tips at https://vuejs.org/guide/deployment.html", source: https://atacadao.hodiebooking.com.br/js/build/vendor.js (9072)
[28528:27412:0610/141942.401:INFO:CONSOLE:2973] "onEnd undefined", source: https://atacadao.hodiebooking.com.br/cargas/9467587 (2973)
[28528:27412:0610/141944.886:INFO:CONSOLE:174] "created()", source: https://atacadao.hodiebooking.com.br/js/build/agendamentos/ocorrencias/app.js (174)
[28528:27412:0610/141944.886:INFO:CONSOLE:157] "init list()", source: https://atacadao.hodiebooking.com.br/js/build/agendamentos/ocorrencias/app.js (157)
[28528:27412:0610/141944.893:INFO:CONSOLE:182] "mounted()", source: https://atacadao.hodiebooking.com.br/js/build/agendamentos/ocorrencias/app.js (182)
[28528:27412:0610/141944.893:INFO:CONSOLE:183] "1", source: https://atacadao.hodiebooking.com.br/js/build/agendamentos/ocorrencias/app.js (183)
[28528:27412:0610/141944.895:INFO:CONSOLE:9063] "Download the Vue Devtools extension for a better development experience:
https://github.com/vuejs/vue-devtools", source: https://atacadao.hodiebooking.com.br/js/build/vendor.js (9063)
[28528:27412:0610/141944.895:INFO:CONSOLE:9072] "You are running Vue in development mode.
Make sure to turn on production mode when deploying for production.
See more tips at https://vuejs.org/guide/deployment.html", source: https://atacadao.hodiebooking.com.br/js/build/vendor.js (9072)
[28528:27412:0610/141944.935:INFO:CONSOLE:648] "[Vue warn]: Error in render: "TypeError: Cannot read properties of null (reading 'fila')"

(found in <Root>)", source: https://atacadao.hodiebooking.com.br/js/build/vendor.js (648)
[28528:27412:0610/141944.935:INFO:CONSOLE:1911] "TypeError: Cannot read properties of null (reading 'fila')", source: https://atacadao.hodiebooking.com.br/js/build/vendor.js (1911)
[28528:27412:0610/142002.572:INFO:CONSOLE:9063] "Download the Vue Devtools extension for a better development experience:
https://github.com/vuejs/vue-devtools", source: https://atacadao.hodiebooking.com.br/js/build/vendor.js (9063)
[28528:27412:0610/142002.579:INFO:CONSOLE:9072] "You are running Vue in development mode.
Make sure to turn on production mode when deploying for production.
See more tips at https://vuejs.org/guide/deployment.html", source: https://atacadao.hodiebooking.com.br/js/build/vendor.js (9072)
[28528:27412:0610/142011.158:INFO:CONSOLE:9063] "Download the Vue Devtools extension for a better development experience:
https://github.com/vuejs/vue-devtools", source: https://atacadao.hodiebooking.com.br/js/build/vendor.js (9063)
[28528:27412:0610/142011.158:INFO:CONSOLE:9072] "You are running Vue in development mode.
Make sure to turn on production mode when deploying for production.
See more tips at https://vuejs.org/guide/deployment.html", source: https://atacadao.hodiebooking.com.br/js/build/vendor.js (9072)
[28528:27412:0610/142011.185:INFO:CONSOLE:2966] "onEnd undefined", source: https://atacadao.hodiebooking.com.br/cargas/9467552 (2966)
[28528:27412:0610/142013.630:INFO:CONSOLE:9063] "Download the Vue Devtools extension for a better development experience:
https://github.com/vuejs/vue-devtools", source: https://atacadao.hodiebooking.com.br/js/build/vendor.js (9063)
[28528:27412:0610/142013.630:INFO:CONSOLE:9072] "You are running Vue in development mode.
Make sure to turn on production mode when deploying for production.
See more tips at https://vuejs.org/guide/deployment.html", source: https://atacadao.hodiebooking.com.br/js/build/vendor.js (9072)
[28528:27412:0610/142013.638:INFO:CONSOLE:174] "created()", source: https://atacadao.hodiebooking.com.br/js/build/agendamentos/ocorrencias/app.js (174)
[28528:27412:0610/142013.638:INFO:CONSOLE:157] "init list()", source: https://atacadao.hodiebooking.com.br/js/build/agendamentos/ocorrencias/app.js (157)
[28528:27412:0610/142013.645:INFO:CONSOLE:182] "mounted()", source: https://atacadao.hodiebooking.com.br/js/build/agendamentos/ocorrencias/app.js (182)
[28528:27412:0610/142013.645:INFO:CONSOLE:183] "1", source: https://atacadao.hodiebooking.com.br/js/build/agendamentos/ocorrencias/app.js (183)
[28528:27412:0610/142031.278:INFO:CONSOLE:9063] "Download the Vue Devtools extension for a better development experience:
https://github.com/vuejs/vue-devtools", source: https://atacadao.hodiebooking.com.br/js/build/vendor.js (9063)
[28528:27412:0610/142031.278:INFO:CONSOLE:9072] "You are running Vue in development mode.
Make sure to turn on production mode when deploying for production.
See more tips at https://vuejs.org/guide/deployment.html", source: https://atacadao.hodiebooking.com.br/js/build/vendor.js (9072)
[28528:27412:0610/142039.905:INFO:CONSOLE:9063] "Download the Vue Devtools extension for a better development experience:
https://github.com/vuejs/vue-devtools", source: https://atacadao.hodiebooking.com.br/js/build/vendor.js (9063)
[28528:27412:0610/142039.905:INFO:CONSOLE:9072] "You are running Vue in development mode.
Make sure to turn on production mode when deploying for production.
See more tips at https://vuejs.org/guide/deployment.html", source: https://atacadao.hodiebooking.com.br/js/build/vendor.js (9072)
[28528:27412:0610/142039.927:INFO:CONSOLE:2966] "onEnd undefined", source: https://atacadao.hodiebooking.com.br/cargas/9467993 (2966)
[28528:27412:0610/142042.462:INFO:CONSOLE:9063] "Download the Vue Devtools extension for a better development experience:
https://github.com/vuejs/vue-devtools", source: https://atacadao.hodiebooking.com.br/js/build/vendor.js (9063)
[28528:27412:0610/142042.462:INFO:CONSOLE:9072] "You are running Vue in development mode.
Make sure to turn on production mode when deploying for production.
See more tips at https://vuejs.org/guide/deployment.html", source: https://atacadao.hodiebooking.com.br/js/build/vendor.js (9072)
[28528:27412:0610/142042.469:INFO:CONSOLE:174] "created()", source: https://atacadao.hodiebooking.com.br/js/build/agendamentos/ocorrencias/app.js (174)
[28528:27412:0610/142042.469:INFO:CONSOLE:157] "init list()", source: https://atacadao.hodiebooking.com.br/js/build/agendamentos/ocorrencias/app.js (157)
[28528:27412:0610/142042.474:INFO:CONSOLE:182] "mounted()", source: https://atacadao.hodiebooking.com.br/js/build/agendamentos/ocorrencias/app.js (182)
[28528:27412:0610/142042.474:INFO:CONSOLE:183] "1", source: https://atacadao.hodiebooking.com.br/js/build/agendamentos/ocorrencias/app.js (183)
[28528:27412:0610/142100.047:INFO:CONSOLE:9063] "Download the Vue Devtools extension for a better development experience:
https://github.com/vuejs/vue-devtools", source: https://atacadao.hodiebooking.com.br/js/build/vendor.js (9063)
[28528:27412:0610/142100.047:INFO:CONSOLE:9072] "You are running Vue in development mode.
Make sure to turn on production mode when deploying for production.
See more tips at https://vuejs.org/guide/deployment.html", source: https://atacadao.hodiebooking.com.br/js/build/vendor.js (9072)
[28528:27412:0610/142108.659:INFO:CONSOLE:9063] "Download the Vue Devtools extension for a better development experience:
https://github.com/vuejs/vue-devtools", source: https://atacadao.hodiebooking.com.br/js/build/vendor.js (9063)
[28528:27412:0610/142108.659:INFO:CONSOLE:9072] "You are running Vue in development mode.
Make sure to turn on production mode when deploying for production.
See more tips at https://vuejs.org/guide/deployment.html", source: https://atacadao.hodiebooking.com.br/js/build/vendor.js (9072)
[28528:27412:0610/142108.678:INFO:CONSOLE:3078] "onEnd undefined", source: https://atacadao.hodiebooking.com.br/cargas/9468169 (3078)
[28528:27412:0610/142111.164:INFO:CONSOLE:9063] "Download the Vue Devtools extension for a better development experience:
https://github.com/vuejs/vue-devtools", source: https://atacadao.hodiebooking.com.br/js/build/vendor.js (9063)
[28528:27412:0610/142111.164:INFO:CONSOLE:9072] "You are running Vue in development mode.
Make sure to turn on production mode when deploying for production.
See more tips at https://vuejs.org/guide/deployment.html", source: https://atacadao.hodiebooking.com.br/js/build/vendor.js (9072)
[28528:27412:0610/142111.166:INFO:CONSOLE:174] "created()", source: https://atacadao.hodiebooking.com.br/js/build/agendamentos/ocorrencias/app.js (174)
[28528:27412:0610/142111.166:INFO:CONSOLE:157] "init list()", source: https://atacadao.hodiebooking.com.br/js/build/agendamentos/ocorrencias/app.js (157)
[28528:27412:0610/142111.175:INFO:CONSOLE:182] "mounted()", source: https://atacadao.hodiebooking.com.br/js/build/agendamentos/ocorrencias/app.js (182)
[28528:27412:0610/142111.175:INFO:CONSOLE:183] "1", source: https://atacadao.hodiebooking.com.br/js/build/agendamentos/ocorrencias/app.js (183)
